<?xml version="1.0" encoding="UTF-8"?>
<testng-results skipped="0" failed="0" ignored="0" total="1" passed="1">
  <reporter-output>
  </reporter-output>
  <suite name="Default suite" duration-ms="3072" started-at="2022-09-14T09:20:28Z" finished-at="2022-09-14T09:20:32Z">
    <groups>
    </groups>
    <test name="Default test" duration-ms="3072" started-at="2022-09-14T09:20:28Z" finished-at="2022-09-14T09:20:32Z">
      <class name="com.rest.restfulbooker.jsonpath">
        <test-method status="PASS" signature="simplejsonTest()[pri:0, instance:com.rest.restfulbooker.jsonpath@64bf3bbf]" name="simplejsonTest" duration-ms="2901" started-at="2022-09-14T09:20:29Z" finished-at="2022-09-14T09:20:31Z">
          <reporter-output>
          </reporter-output>
        </test-method> <!-- simplejsonTest -->
      </class> <!-- com.rest.restfulbooker.jsonpath -->
    </test> <!-- Default test -->
  </suite> <!-- Default suite -->
</testng-results>
